2020-12-27T22:57:03.959525Z 0 [Warning] TIMESTAMP with implicit DEFAULT value is deprecated. Please use --explicit_defaults_for_timestamp server option (see documentation for more details).
2020-12-27T22:57:03.982212Z 0 [Warning] Setting lower_case_table_names=2 because file system for /var/lib/mysql/ is case insensitive
2020-12-27T22:57:08.485088Z 0 [Warning] InnoDB: New log files created, LSN=45790
2020-12-27T22:57:09.026960Z 0 [Warning] InnoDB: Creating foreign key constraint system tables.
2020-12-27T22:57:09.128274Z 0 [Warning] No existing UUID has been found, so we assume that this is the first time that this server has been started. Generating a new UUID: d933e141-4896-11eb-a954-0242ac140002.
2020-12-27T22:57:09.141148Z 0 [Warning] Gtid table is not ready to be used. Table 'mysql.gtid_executed' cannot be opened.
2020-12-27T22:57:09.848019Z 0 [Warning] CA certificate ca.pem is self signed.
2020-12-27T22:57:10.837544Z 1 [Warning] root@localhost is created with an empty password ! Please consider switching off the --initialize-insecure option.
2020-12-27T22:57:25.386167Z 0 [Warning] TIMESTAMP with implicit DEFAULT value is deprecated. Please use --explicit_defaults_for_timestamp server option (see documentation for more details).
2020-12-27T22:57:25.409836Z 0 [Note] mysqld (mysqld 5.7.32) starting as process 80 ...
2020-12-27T22:57:25.423478Z 0 [Warning] Setting lower_case_table_names=2 because file system for /var/lib/mysql/ is case insensitive
2020-12-27T22:57:25.431563Z 0 [Note] InnoDB: PUNCH HOLE support available
2020-12-27T22:57:25.436148Z 0 [Note] InnoDB: Mutexes and rw_locks use GCC atomic builtins
2020-12-27T22:57:25.437067Z 0 [Note] InnoDB: Uses event mutexes
2020-12-27T22:57:25.437967Z 0 [Note] InnoDB: GCC builtin __atomic_thread_fence() is used for memory barrier
2020-12-27T22:57:25.438947Z 0 [Note] InnoDB: Compressed tables use zlib 1.2.11
2020-12-27T22:57:25.440348Z 0 [Note] InnoDB: Using Linux native AIO
2020-12-27T22:57:25.443196Z 0 [Note] InnoDB: Number of pools: 1
2020-12-27T22:57:25.445098Z 0 [Note] InnoDB: Using CPU crc32 instructions
2020-12-27T22:57:25.447952Z 0 [Note] InnoDB: Initializing buffer pool, total size = 128M, instances = 1, chunk size = 128M
2020-12-27T22:57:25.469273Z 0 [Note] InnoDB: Completed initialization of buffer pool
2020-12-27T22:57:25.477231Z 0 [Note] InnoDB: If the mysqld execution user is authorized, page cleaner thread priority can be changed. See the man page of setpriority().
2020-12-27T22:57:25.565866Z 0 [Note] InnoDB: Highest supported file format is Barracuda.
2020-12-27T22:57:25.753338Z 0 [Note] InnoDB: Creating shared tablespace for temporary tables
2020-12-27T22:57:25.757691Z 0 [Note] InnoDB: Setting file './ibtmp1' size to 12 MB. Physically writing the file full; Please wait ...
2020-12-27T22:57:25.983913Z 0 [Note] InnoDB: File './ibtmp1' size is now 12 MB.
2020-12-27T22:57:25.994550Z 0 [Note] InnoDB: 96 redo rollback segment(s) found. 96 redo rollback segment(s) are active.
2020-12-27T22:57:25.995787Z 0 [Note] InnoDB: 32 non-redo rollback segment(s) are active.
2020-12-27T22:57:25.997556Z 0 [Note] InnoDB: Waiting for purge to start
2020-12-27T22:57:26.052446Z 0 [Note] InnoDB: 5.7.32 started; log sequence number 2747132
2020-12-27T22:57:26.057680Z 0 [Note] Plugin 'FEDERATED' is disabled.
2020-12-27T22:57:26.058178Z 0 [Note] InnoDB: Loading buffer pool(s) from /var/lib/mysql/ib_buffer_pool
2020-12-27T22:57:26.158149Z 0 [Note] Found ca.pem, server-cert.pem and server-key.pem in data directory. Trying to enable SSL support using them.
2020-12-27T22:57:26.161602Z 0 [Note] Skipping generation of SSL certificates as certificate files are present in data directory.
2020-12-27T22:57:26.179993Z 0 [Warning] CA certificate ca.pem is self signed.
2020-12-27T22:57:26.183596Z 0 [Note] Skipping generation of RSA key pair as key files are present in data directory.
2020-12-27T22:57:26.207417Z 0 [Note] InnoDB: Buffer pool(s) load completed at 201228  7:57:26
2020-12-27T22:57:26.214422Z 0 [Warning] Insecure configuration for --pid-file: Location '/var/run/mysqld' in the path is accessible to all OS users. Consider choosing a different directory.
2020-12-27T22:57:26.688622Z 0 [Note] Event Scheduler: Loaded 0 events
2020-12-27T22:57:26.690375Z 0 [Note] mysqld: ready for connections.
Version: '5.7.32'  socket: '/var/run/mysqld/mysqld.sock'  port: 0  MySQL Community Server (GPL)
2020-12-27T22:57:33.398327Z 0 [Note] Giving 0 client threads a chance to die gracefully
2020-12-27T22:57:33.399165Z 0 [Note] Shutting down slave threads
2020-12-27T22:57:33.399922Z 0 [Note] Forcefully disconnecting 0 remaining clients
2020-12-27T22:57:33.400815Z 0 [Note] Event Scheduler: Purging the queue. 0 events
2020-12-27T22:57:33.401572Z 0 [Note] Binlog end
2020-12-27T22:57:33.407218Z 0 [Note] Shutting down plugin 'ngram'
2020-12-27T22:57:33.409192Z 0 [Note] Shutting down plugin 'partition'
2020-12-27T22:57:33.410209Z 0 [Note] Shutting down plugin 'BLACKHOLE'
2020-12-27T22:57:33.411530Z 0 [Note] Shutting down plugin 'ARCHIVE'
2020-12-27T22:57:33.412390Z 0 [Note] Shutting down plugin 'PERFORMANCE_SCHEMA'
2020-12-27T22:57:33.413282Z 0 [Note] Shutting down plugin 'MRG_MYISAM'
2020-12-27T22:57:33.414064Z 0 [Note] Shutting down plugin 'MyISAM'
2020-12-27T22:57:33.415238Z 0 [Note] Shutting down plugin 'INNODB_SYS_VIRTUAL'
2020-12-27T22:57:33.415995Z 0 [Note] Shutting down plugin 'INNODB_SYS_DATAFILES'
2020-12-27T22:57:33.416929Z 0 [Note] Shutting down plugin 'INNODB_SYS_TABLESPACES'
2020-12-27T22:57:33.417860Z 0 [Note] Shutting down plugin 'INNODB_SYS_FOREIGN_COLS'
2020-12-27T22:57:33.419083Z 0 [Note] Shutting down plugin 'INNODB_SYS_FOREIGN'
2020-12-27T22:57:33.420325Z 0 [Note] Shutting down plugin 'INNODB_SYS_FIELDS'
2020-12-27T22:57:33.421461Z 0 [Note] Shutting down plugin 'INNODB_SYS_COLUMNS'
2020-12-27T22:57:33.422378Z 0 [Note] Shutting down plugin 'INNODB_SYS_INDEXES'
2020-12-27T22:57:33.423414Z 0 [Note] Shutting down plugin 'INNODB_SYS_TABLESTATS'
2020-12-27T22:57:33.424498Z 0 [Note] Shutting down plugin 'INNODB_SYS_TABLES'
2020-12-27T22:57:33.425362Z 0 [Note] Shutting down plugin 'INNODB_FT_INDEX_TABLE'
2020-12-27T22:57:33.426229Z 0 [Note] Shutting down plugin 'INNODB_FT_INDEX_CACHE'
2020-12-27T22:57:33.427687Z 0 [Note] Shutting down plugin 'INNODB_FT_CONFIG'
2020-12-27T22:57:33.429068Z 0 [Note] Shutting down plugin 'INNODB_FT_BEING_DELETED'
2020-12-27T22:57:33.430111Z 0 [Note] Shutting down plugin 'INNODB_FT_DELETED'
2020-12-27T22:57:33.431035Z 0 [Note] Shutting down plugin 'INNODB_FT_DEFAULT_STOPWORD'
2020-12-27T22:57:33.432039Z 0 [Note] Shutting down plugin 'INNODB_METRICS'
2020-12-27T22:57:33.433163Z 0 [Note] Shutting down plugin 'INNODB_TEMP_TABLE_INFO'
2020-12-27T22:57:33.434085Z 0 [Note] Shutting down plugin 'INNODB_BUFFER_POOL_STATS'
2020-12-27T22:57:33.435242Z 0 [Note] Shutting down plugin 'INNODB_BUFFER_PAGE_LRU'
2020-12-27T22:57:33.436437Z 0 [Note] Shutting down plugin 'INNODB_BUFFER_PAGE'
2020-12-27T22:57:33.437521Z 0 [Note] Shutting down plugin 'INNODB_CMP_PER_INDEX_RESET'
2020-12-27T22:57:33.438606Z 0 [Note] Shutting down plugin 'INNODB_CMP_PER_INDEX'
2020-12-27T22:57:33.439941Z 0 [Note] Shutting down plugin 'INNODB_CMPMEM_RESET'
2020-12-27T22:57:33.441066Z 0 [Note] Shutting down plugin 'INNODB_CMPMEM'
2020-12-27T22:57:33.442306Z 0 [Note] Shutting down plugin 'INNODB_CMP_RESET'
2020-12-27T22:57:33.443640Z 0 [Note] Shutting down plugin 'INNODB_CMP'
2020-12-27T22:57:33.445119Z 0 [Note] Shutting down plugin 'INNODB_LOCK_WAITS'
2020-12-27T22:57:33.446489Z 0 [Note] Shutting down plugin 'INNODB_LOCKS'
2020-12-27T22:57:33.447504Z 0 [Note] Shutting down plugin 'INNODB_TRX'
2020-12-27T22:57:33.448375Z 0 [Note] Shutting down plugin 'InnoDB'
2020-12-27T22:57:33.449690Z 0 [Note] InnoDB: FTS optimize thread exiting.
2020-12-27T22:57:33.451828Z 0 [Note] InnoDB: Starting shutdown...
2020-12-27T22:57:33.563851Z 0 [Note] InnoDB: Dumping buffer pool(s) to /var/lib/mysql/ib_buffer_pool
2020-12-27T22:57:33.586708Z 0 [Note] InnoDB: Buffer pool(s) dump completed at 201228  7:57:33
2020-12-27T22:57:35.466562Z 0 [Note] InnoDB: Shutdown completed; log sequence number 12618155
2020-12-27T22:57:35.471106Z 0 [Note] InnoDB: Removed temporary tablespace data file: "ibtmp1"
2020-12-27T22:57:35.473042Z 0 [Note] Shutting down plugin 'MEMORY'
2020-12-27T22:57:35.474389Z 0 [Note] Shutting down plugin 'CSV'
2020-12-27T22:57:35.475703Z 0 [Note] Shutting down plugin 'sha256_password'
2020-12-27T22:57:35.476993Z 0 [Note] Shutting down plugin 'mysql_native_password'
2020-12-27T22:57:35.478421Z 0 [Note] Shutting down plugin 'binlog'
2020-12-27T22:57:35.486211Z 0 [Note] mysqld: Shutdown complete

2020-12-27T22:57:36.601327Z 0 [Warning] TIMESTAMP with implicit DEFAULT value is deprecated. Please use --explicit_defaults_for_timestamp server option (see documentation for more details).
2020-12-27T22:57:36.613440Z 0 [Note] mysqld (mysqld 5.7.32) starting as process 1 ...
2020-12-27T22:57:36.627345Z 0 [Warning] Setting lower_case_table_names=2 because file system for /var/lib/mysql/ is case insensitive
2020-12-27T22:57:36.634821Z 0 [Note] InnoDB: PUNCH HOLE support available
2020-12-27T22:57:36.636104Z 0 [Note] InnoDB: Mutexes and rw_locks use GCC atomic builtins
2020-12-27T22:57:36.637704Z 0 [Note] InnoDB: Uses event mutexes
2020-12-27T22:57:36.638775Z 0 [Note] InnoDB: GCC builtin __atomic_thread_fence() is used for memory barrier
2020-12-27T22:57:36.639847Z 0 [Note] InnoDB: Compressed tables use zlib 1.2.11
2020-12-27T22:57:36.640738Z 0 [Note] InnoDB: Using Linux native AIO
2020-12-27T22:57:36.642196Z 0 [Note] InnoDB: Number of pools: 1
2020-12-27T22:57:36.643417Z 0 [Note] InnoDB: Using CPU crc32 instructions
2020-12-27T22:57:36.647217Z 0 [Note] InnoDB: Initializing buffer pool, total size = 128M, instances = 1, chunk size = 128M
2020-12-27T22:57:36.664027Z 0 [Note] InnoDB: Completed initialization of buffer pool
2020-12-27T22:57:36.668782Z 0 [Note] InnoDB: If the mysqld execution user is authorized, page cleaner thread priority can be changed. See the man page of setpriority().
2020-12-27T22:57:36.748753Z 0 [Note] InnoDB: Highest supported file format is Barracuda.
2020-12-27T22:57:36.946733Z 0 [Note] InnoDB: Creating shared tablespace for temporary tables
2020-12-27T22:57:36.957891Z 0 [Note] InnoDB: Setting file './ibtmp1' size to 12 MB. Physically writing the file full; Please wait ...
2020-12-27T22:57:37.211705Z 0 [Note] InnoDB: File './ibtmp1' size is now 12 MB.
2020-12-27T22:57:37.222393Z 0 [Note] InnoDB: 96 redo rollback segment(s) found. 96 redo rollback segment(s) are active.
2020-12-27T22:57:37.223697Z 0 [Note] InnoDB: 32 non-redo rollback segment(s) are active.
2020-12-27T22:57:37.225297Z 0 [Note] InnoDB: Waiting for purge to start
2020-12-27T22:57:37.280637Z 0 [Note] InnoDB: 5.7.32 started; log sequence number 12618155
2020-12-27T22:57:37.283416Z 0 [Note] InnoDB: Loading buffer pool(s) from /var/lib/mysql/ib_buffer_pool
2020-12-27T22:57:37.286159Z 0 [Note] Plugin 'FEDERATED' is disabled.
2020-12-27T22:57:37.397327Z 0 [Note] Found ca.pem, server-cert.pem and server-key.pem in data directory. Trying to enable SSL support using them.
2020-12-27T22:57:37.399287Z 0 [Note] Skipping generation of SSL certificates as certificate files are present in data directory.
2020-12-27T22:57:37.413768Z 0 [Warning] CA certificate ca.pem is self signed.
2020-12-27T22:57:37.415989Z 0 [Note] Skipping generation of RSA key pair as key files are present in data directory.
2020-12-27T22:57:37.429820Z 0 [Note] Server hostname (bind-address): '*'; port: 3306
2020-12-27T22:57:37.437647Z 0 [Note] IPv6 is available.
2020-12-27T22:57:37.444623Z 0 [Note]   - '::' resolves to '::';
2020-12-27T22:57:37.457619Z 0 [Note] Server socket created on IP: '::'.
2020-12-27T22:57:37.486377Z 0 [Warning] Insecure configuration for --pid-file: Location '/var/run/mysqld' in the path is accessible to all OS users. Consider choosing a different directory.
2020-12-27T22:57:37.533604Z 0 [Note] InnoDB: Buffer pool(s) load completed at 201228  7:57:37
2020-12-27T22:57:37.977274Z 0 [Note] Event Scheduler: Loaded 0 events
2020-12-27T22:57:37.978800Z 0 [Note] mysqld: ready for connections.
Version: '5.7.32'  socket: '/var/run/mysqld/mysqld.sock'  port: 3306  MySQL Community Server (GPL)
2020-12-27T23:01:25.149638Z 0 [Note] Giving 0 client threads a chance to die gracefully
2020-12-27T23:01:25.153244Z 0 [Note] Shutting down slave threads
2020-12-27T23:01:25.154490Z 0 [Note] Forcefully disconnecting 0 remaining clients
2020-12-27T23:01:25.155610Z 0 [Note] Event Scheduler: Purging the queue. 0 events
2020-12-27T23:01:25.156709Z 0 [Note] Binlog end
2020-12-27T23:01:25.158186Z 0 [Note] Shutting down plugin 'ngram'
2020-12-27T23:01:25.160405Z 0 [Note] Shutting down plugin 'partition'
2020-12-27T23:01:25.162612Z 0 [Note] Shutting down plugin 'BLACKHOLE'
2020-12-27T23:01:25.163375Z 0 [Note] Shutting down plugin 'ARCHIVE'
2020-12-27T23:01:25.164168Z 0 [Note] Shutting down plugin 'PERFORMANCE_SCHEMA'
2020-12-27T23:01:25.165301Z 0 [Note] Shutting down plugin 'MRG_MYISAM'
2020-12-27T23:01:25.166661Z 0 [Note] Shutting down plugin 'MyISAM'
2020-12-27T23:01:25.167790Z 0 [Note] Shutting down plugin 'INNODB_SYS_VIRTUAL'
2020-12-27T23:01:25.168712Z 0 [Note] Shutting down plugin 'INNODB_SYS_DATAFILES'
2020-12-27T23:01:25.169483Z 0 [Note] Shutting down plugin 'INNODB_SYS_TABLESPACES'
2020-12-27T23:01:25.171250Z 0 [Note] Shutting down plugin 'INNODB_SYS_FOREIGN_COLS'
2020-12-27T23:01:25.172660Z 0 [Note] Shutting down plugin 'INNODB_SYS_FOREIGN'
2020-12-27T23:01:25.173936Z 0 [Note] Shutting down plugin 'INNODB_SYS_FIELDS'
2020-12-27T23:01:25.175167Z 0 [Note] Shutting down plugin 'INNODB_SYS_COLUMNS'
2020-12-27T23:01:25.177391Z 0 [Note] Shutting down plugin 'INNODB_SYS_INDEXES'
2020-12-27T23:01:25.179789Z 0 [Note] Shutting down plugin 'INNODB_SYS_TABLESTATS'
2020-12-27T23:01:25.180914Z 0 [Note] Shutting down plugin 'INNODB_SYS_TABLES'
2020-12-27T23:01:25.181949Z 0 [Note] Shutting down plugin 'INNODB_FT_INDEX_TABLE'
2020-12-27T23:01:25.182858Z 0 [Note] Shutting down plugin 'INNODB_FT_INDEX_CACHE'
2020-12-27T23:01:25.183989Z 0 [Note] Shutting down plugin 'INNODB_FT_CONFIG'
2020-12-27T23:01:25.184902Z 0 [Note] Shutting down plugin 'INNODB_FT_BEING_DELETED'
2020-12-27T23:01:25.185837Z 0 [Note] Shutting down plugin 'INNODB_FT_DELETED'
2020-12-27T23:01:25.186879Z 0 [Note] Shutting down plugin 'INNODB_FT_DEFAULT_STOPWORD'
2020-12-27T23:01:25.187885Z 0 [Note] Shutting down plugin 'INNODB_METRICS'
2020-12-27T23:01:25.189019Z 0 [Note] Shutting down plugin 'INNODB_TEMP_TABLE_INFO'
2020-12-27T23:01:25.190638Z 0 [Note] Shutting down plugin 'INNODB_BUFFER_POOL_STATS'
2020-12-27T23:01:25.192031Z 0 [Note] Shutting down plugin 'INNODB_BUFFER_PAGE_LRU'
2020-12-27T23:01:25.194441Z 0 [Note] Shutting down plugin 'INNODB_BUFFER_PAGE'
2020-12-27T23:01:25.195427Z 0 [Note] Shutting down plugin 'INNODB_CMP_PER_INDEX_RESET'
2020-12-27T23:01:25.196363Z 0 [Note] Shutting down plugin 'INNODB_CMP_PER_INDEX'
2020-12-27T23:01:25.197173Z 0 [Note] Shutting down plugin 'INNODB_CMPMEM_RESET'
2020-12-27T23:01:25.198043Z 0 [Note] Shutting down plugin 'INNODB_CMPMEM'
2020-12-27T23:01:25.198956Z 0 [Note] Shutting down plugin 'INNODB_CMP_RESET'
2020-12-27T23:01:25.200100Z 0 [Note] Shutting down plugin 'INNODB_CMP'
2020-12-27T23:01:25.201012Z 0 [Note] Shutting down plugin 'INNODB_LOCK_WAITS'
2020-12-27T23:01:25.202023Z 0 [Note] Shutting down plugin 'INNODB_LOCKS'
2020-12-27T23:01:25.202828Z 0 [Note] Shutting down plugin 'INNODB_TRX'
2020-12-27T23:01:25.203680Z 0 [Note] Shutting down plugin 'InnoDB'
2020-12-27T23:01:25.204979Z 0 [Note] InnoDB: FTS optimize thread exiting.
2020-12-27T23:01:25.206252Z 0 [Note] InnoDB: Starting shutdown...
2020-12-27T23:01:25.311048Z 0 [Note] InnoDB: Dumping buffer pool(s) to /var/lib/mysql/ib_buffer_pool
2020-12-27T23:01:25.328725Z 0 [Note] InnoDB: Buffer pool(s) dump completed at 201228  8:01:25
2020-12-27T23:01:26.660362Z 0 [Note] InnoDB: Shutdown completed; log sequence number 12618183
2020-12-27T23:01:26.667883Z 0 [Note] InnoDB: Removed temporary tablespace data file: "ibtmp1"
2020-12-27T23:01:26.669064Z 0 [Note] Shutting down plugin 'MEMORY'
2020-12-27T23:01:26.670054Z 0 [Note] Shutting down plugin 'CSV'
2020-12-27T23:01:26.671334Z 0 [Note] Shutting down plugin 'sha256_password'
2020-12-27T23:01:26.672104Z 0 [Note] Shutting down plugin 'mysql_native_password'
2020-12-27T23:01:26.673386Z 0 [Note] Shutting down plugin 'binlog'
2020-12-27T23:01:26.679308Z 0 [Note] mysqld: Shutdown complete

2020-12-27T23:01:42.221166Z 0 [Warning] TIMESTAMP with implicit DEFAULT value is deprecated. Please use --explicit_defaults_for_timestamp server option (see documentation for more details).
2020-12-27T23:01:42.255648Z 0 [Note] mysqld (mysqld 5.7.32) starting as process 1 ...
2020-12-27T23:01:42.273971Z 0 [Warning] Setting lower_case_table_names=2 because file system for /var/lib/mysql/ is case insensitive
2020-12-27T23:01:42.285791Z 0 [Note] InnoDB: PUNCH HOLE support available
2020-12-27T23:01:42.287119Z 0 [Note] InnoDB: Mutexes and rw_locks use GCC atomic builtins
2020-12-27T23:01:42.288428Z 0 [Note] InnoDB: Uses event mutexes
2020-12-27T23:01:42.289603Z 0 [Note] InnoDB: GCC builtin __atomic_thread_fence() is used for memory barrier
2020-12-27T23:01:42.290643Z 0 [Note] InnoDB: Compressed tables use zlib 1.2.11
2020-12-27T23:01:42.291535Z 0 [Note] InnoDB: Using Linux native AIO
2020-12-27T23:01:42.293449Z 0 [Note] InnoDB: Number of pools: 1
2020-12-27T23:01:42.295378Z 0 [Note] InnoDB: Using CPU crc32 instructions
2020-12-27T23:01:42.300006Z 0 [Note] InnoDB: Initializing buffer pool, total size = 128M, instances = 1, chunk size = 128M
2020-12-27T23:01:42.314085Z 0 [Note] InnoDB: Completed initialization of buffer pool
2020-12-27T23:01:42.319738Z 0 [Note] InnoDB: If the mysqld execution user is authorized, page cleaner thread priority can be changed. See the man page of setpriority().
2020-12-27T23:01:42.416568Z 0 [Note] InnoDB: Highest supported file format is Barracuda.
2020-12-27T23:01:42.584299Z 0 [Note] InnoDB: Creating shared tablespace for temporary tables
2020-12-27T23:01:42.589726Z 0 [Note] InnoDB: Setting file './ibtmp1' size to 12 MB. Physically writing the file full; Please wait ...
2020-12-27T23:01:42.844151Z 0 [Note] InnoDB: File './ibtmp1' size is now 12 MB.
2020-12-27T23:01:42.856129Z 0 [Note] InnoDB: 96 redo rollback segment(s) found. 96 redo rollback segment(s) are active.
2020-12-27T23:01:42.857661Z 0 [Note] InnoDB: 32 non-redo rollback segment(s) are active.
2020-12-27T23:01:42.859294Z 0 [Note] InnoDB: Waiting for purge to start
2020-12-27T23:01:42.914708Z 0 [Note] InnoDB: 5.7.32 started; log sequence number 12618183
2020-12-27T23:01:42.918500Z 0 [Note] InnoDB: Loading buffer pool(s) from /var/lib/mysql/ib_buffer_pool
2020-12-27T23:01:42.918790Z 0 [Note] Plugin 'FEDERATED' is disabled.
2020-12-27T23:01:43.019108Z 0 [Note] Found ca.pem, server-cert.pem and server-key.pem in data directory. Trying to enable SSL support using them.
2020-12-27T23:01:43.022079Z 0 [Note] Skipping generation of SSL certificates as certificate files are present in data directory.
2020-12-27T23:01:43.065451Z 0 [Warning] CA certificate ca.pem is self signed.
2020-12-27T23:01:43.067277Z 0 [Note] Skipping generation of RSA key pair as key files are present in data directory.
2020-12-27T23:01:43.089194Z 0 [Note] Server hostname (bind-address): '*'; port: 3306
2020-12-27T23:01:43.093268Z 0 [Note] IPv6 is available.
2020-12-27T23:01:43.094793Z 0 [Note]   - '::' resolves to '::';
2020-12-27T23:01:43.097562Z 0 [Note] Server socket created on IP: '::'.
2020-12-27T23:01:43.102618Z 0 [Warning] Insecure configuration for --pid-file: Location '/var/run/mysqld' in the path is accessible to all OS users. Consider choosing a different directory.
2020-12-27T23:01:43.116499Z 0 [Note] InnoDB: Buffer pool(s) load completed at 201228  8:01:43
2020-12-27T23:01:43.864660Z 0 [Note] Event Scheduler: Loaded 0 events
2020-12-27T23:01:43.866498Z 0 [Note] mysqld: ready for connections.
Version: '5.7.32'  socket: '/var/run/mysqld/mysqld.sock'  port: 3306  MySQL Community Server (GPL)
2020-12-27T23:02:06.567504Z 0 [Note] Giving 0 client threads a chance to die gracefully
2020-12-27T23:02:06.568671Z 0 [Note] Shutting down slave threads
2020-12-27T23:02:06.569909Z 0 [Note] Forcefully disconnecting 0 remaining clients
2020-12-27T23:02:06.571557Z 0 [Note] Event Scheduler: Purging the queue. 0 events
2020-12-27T23:02:06.572613Z 0 [Note] Binlog end
2020-12-27T23:02:06.573950Z 0 [Note] Shutting down plugin 'ngram'
2020-12-27T23:02:06.576531Z 0 [Note] Shutting down plugin 'partition'
2020-12-27T23:02:06.578470Z 0 [Note] Shutting down plugin 'BLACKHOLE'
2020-12-27T23:02:06.579262Z 0 [Note] Shutting down plugin 'ARCHIVE'
2020-12-27T23:02:06.580491Z 0 [Note] Shutting down plugin 'PERFORMANCE_SCHEMA'
2020-12-27T23:02:06.581204Z 0 [Note] Shutting down plugin 'MRG_MYISAM'
2020-12-27T23:02:06.581773Z 0 [Note] Shutting down plugin 'MyISAM'
2020-12-27T23:02:06.583087Z 0 [Note] Shutting down plugin 'INNODB_SYS_VIRTUAL'
2020-12-27T23:02:06.583675Z 0 [Note] Shutting down plugin 'INNODB_SYS_DATAFILES'
2020-12-27T23:02:06.584956Z 0 [Note] Shutting down plugin 'INNODB_SYS_TABLESPACES'
2020-12-27T23:02:06.586029Z 0 [Note] Shutting down plugin 'INNODB_SYS_FOREIGN_COLS'
2020-12-27T23:02:06.587050Z 0 [Note] Shutting down plugin 'INNODB_SYS_FOREIGN'
2020-12-27T23:02:06.588377Z 0 [Note] Shutting down plugin 'INNODB_SYS_FIELDS'
2020-12-27T23:02:06.589150Z 0 [Note] Shutting down plugin 'INNODB_SYS_COLUMNS'
2020-12-27T23:02:06.590121Z 0 [Note] Shutting down plugin 'INNODB_SYS_INDEXES'
2020-12-27T23:02:06.590793Z 0 [Note] Shutting down plugin 'INNODB_SYS_TABLESTATS'
2020-12-27T23:02:06.591701Z 0 [Note] Shutting down plugin 'INNODB_SYS_TABLES'
2020-12-27T23:02:06.592752Z 0 [Note] Shutting down plugin 'INNODB_FT_INDEX_TABLE'
2020-12-27T23:02:06.594335Z 0 [Note] Shutting down plugin 'INNODB_FT_INDEX_CACHE'
2020-12-27T23:02:06.595297Z 0 [Note] Shutting down plugin 'INNODB_FT_CONFIG'
2020-12-27T23:02:06.596611Z 0 [Note] Shutting down plugin 'INNODB_FT_BEING_DELETED'
2020-12-27T23:02:06.597671Z 0 [Note] Shutting down plugin 'INNODB_FT_DELETED'
2020-12-27T23:02:06.598627Z 0 [Note] Shutting down plugin 'INNODB_FT_DEFAULT_STOPWORD'
2020-12-27T23:02:06.599500Z 0 [Note] Shutting down plugin 'INNODB_METRICS'
2020-12-27T23:02:06.600284Z 0 [Note] Shutting down plugin 'INNODB_TEMP_TABLE_INFO'
2020-12-27T23:02:06.601470Z 0 [Note] Shutting down plugin 'INNODB_BUFFER_POOL_STATS'
2020-12-27T23:02:06.602168Z 0 [Note] Shutting down plugin 'INNODB_BUFFER_PAGE_LRU'
2020-12-27T23:02:06.603043Z 0 [Note] Shutting down plugin 'INNODB_BUFFER_PAGE'
2020-12-27T23:02:06.603849Z 0 [Note] Shutting down plugin 'INNODB_CMP_PER_INDEX_RESET'
2020-12-27T23:02:06.604496Z 0 [Note] Shutting down plugin 'INNODB_CMP_PER_INDEX'
2020-12-27T23:02:06.605153Z 0 [Note] Shutting down plugin 'INNODB_CMPMEM_RESET'
2020-12-27T23:02:06.605930Z 0 [Note] Shutting down plugin 'INNODB_CMPMEM'
2020-12-27T23:02:06.606633Z 0 [Note] Shutting down plugin 'INNODB_CMP_RESET'
2020-12-27T23:02:06.607141Z 0 [Note] Shutting down plugin 'INNODB_CMP'
2020-12-27T23:02:06.607794Z 0 [Note] Shutting down plugin 'INNODB_LOCK_WAITS'
2020-12-27T23:02:06.608990Z 0 [Note] Shutting down plugin 'INNODB_LOCKS'
2020-12-27T23:02:06.609680Z 0 [Note] Shutting down plugin 'INNODB_TRX'
2020-12-27T23:02:06.610766Z 0 [Note] Shutting down plugin 'InnoDB'
2020-12-27T23:02:06.612068Z 0 [Note] InnoDB: FTS optimize thread exiting.
2020-12-27T23:02:06.613180Z 0 [Note] InnoDB: Starting shutdown...
2020-12-27T23:02:06.719394Z 0 [Note] InnoDB: Dumping buffer pool(s) to /var/lib/mysql/ib_buffer_pool
2020-12-27T23:02:06.736580Z 0 [Note] InnoDB: Buffer pool(s) dump completed at 201228  8:02:06
2020-12-27T23:02:08.070024Z 0 [Note] InnoDB: Shutdown completed; log sequence number 12618211
2020-12-27T23:02:08.074148Z 0 [Note] InnoDB: Removed temporary tablespace data file: "ibtmp1"
2020-12-27T23:02:08.075375Z 0 [Note] Shutting down plugin 'MEMORY'
2020-12-27T23:02:08.076334Z 0 [Note] Shutting down plugin 'CSV'
2020-12-27T23:02:08.077225Z 0 [Note] Shutting down plugin 'sha256_password'
2020-12-27T23:02:08.078188Z 0 [Note] Shutting down plugin 'mysql_native_password'
2020-12-27T23:02:08.079398Z 0 [Note] Shutting down plugin 'binlog'
2020-12-27T23:02:08.084214Z 0 [Note] mysqld: Shutdown complete

2020-12-30T08:26:21.271165Z 0 [Warning] TIMESTAMP with implicit DEFAULT value is deprecated. Please use --explicit_defaults_for_timestamp server option (see documentation for more details).
2020-12-30T08:26:21.307648Z 0 [Note] mysqld (mysqld 5.7.32) starting as process 1 ...
2020-12-30T08:26:21.324307Z 0 [Warning] Setting lower_case_table_names=2 because file system for /var/lib/mysql/ is case insensitive
2020-12-30T08:26:21.356222Z 0 [Note] InnoDB: PUNCH HOLE support available
2020-12-30T08:26:21.358860Z 0 [Note] InnoDB: Mutexes and rw_locks use GCC atomic builtins
2020-12-30T08:26:21.362921Z 0 [Note] InnoDB: Uses event mutexes
2020-12-30T08:26:21.365205Z 0 [Note] InnoDB: GCC builtin __atomic_thread_fence() is used for memory barrier
2020-12-30T08:26:21.368097Z 0 [Note] InnoDB: Compressed tables use zlib 1.2.11
2020-12-30T08:26:21.369599Z 0 [Note] InnoDB: Using Linux native AIO
2020-12-30T08:26:21.371343Z 0 [Note] InnoDB: Number of pools: 1
2020-12-30T08:26:21.373305Z 0 [Note] InnoDB: Using CPU crc32 instructions
2020-12-30T08:26:21.396762Z 0 [Note] InnoDB: Initializing buffer pool, total size = 128M, instances = 1, chunk size = 128M
2020-12-30T08:26:21.508103Z 0 [Note] InnoDB: Completed initialization of buffer pool
2020-12-30T08:26:21.576630Z 0 [Note] InnoDB: If the mysqld execution user is authorized, page cleaner thread priority can be changed. See the man page of setpriority().
2020-12-30T08:26:21.839238Z 0 [Note] InnoDB: Highest supported file format is Barracuda.
2020-12-30T08:26:22.244155Z 0 [Note] InnoDB: Creating shared tablespace for temporary tables
2020-12-30T08:26:22.272692Z 0 [Note] InnoDB: Setting file './ibtmp1' size to 12 MB. Physically writing the file full; Please wait ...
2020-12-30T08:26:23.015770Z 0 [Note] InnoDB: File './ibtmp1' size is now 12 MB.
2020-12-30T08:26:23.026697Z 0 [Note] InnoDB: 96 redo rollback segment(s) found. 96 redo rollback segment(s) are active.
2020-12-30T08:26:23.028174Z 0 [Note] InnoDB: 32 non-redo rollback segment(s) are active.
2020-12-30T08:26:23.030135Z 0 [Note] InnoDB: Waiting for purge to start
2020-12-30T08:26:23.083593Z 0 [Note] InnoDB: 5.7.32 started; log sequence number 12618211
2020-12-30T08:26:23.087543Z 0 [Note] Plugin 'FEDERATED' is disabled.
2020-12-30T08:26:23.087687Z 0 [Note] InnoDB: Loading buffer pool(s) from /var/lib/mysql/ib_buffer_pool
2020-12-30T08:26:23.409990Z 0 [Note] Found ca.pem, server-cert.pem and server-key.pem in data directory. Trying to enable SSL support using them.
2020-12-30T08:26:23.415003Z 0 [Note] Skipping generation of SSL certificates as certificate files are present in data directory.
2020-12-30T08:26:23.509852Z 0 [Warning] CA certificate ca.pem is self signed.
2020-12-30T08:26:23.513661Z 0 [Note] Skipping generation of RSA key pair as key files are present in data directory.
2020-12-30T08:26:23.546517Z 0 [Note] Server hostname (bind-address): '*'; port: 3306
2020-12-30T08:26:23.548644Z 0 [Note] IPv6 is available.
2020-12-30T08:26:23.552974Z 0 [Note]   - '::' resolves to '::';
2020-12-30T08:26:23.555856Z 0 [Note] Server socket created on IP: '::'.
2020-12-30T08:26:23.576444Z 0 [Warning] Insecure configuration for --pid-file: Location '/var/run/mysqld' in the path is accessible to all OS users. Consider choosing a different directory.
2020-12-30T08:26:23.595148Z 0 [Note] InnoDB: Buffer pool(s) load completed at 201230 17:26:23
2020-12-30T08:26:24.381345Z 0 [Note] Event Scheduler: Loaded 0 events
2020-12-30T08:26:24.383171Z 0 [Note] mysqld: ready for connections.
Version: '5.7.32'  socket: '/var/run/mysqld/mysqld.sock'  port: 3306  MySQL Community Server (GPL)
2020-12-30T09:18:48.018303Z 0 [Note] InnoDB: page_cleaner: 1000ms intended loop took 17807ms. The settings might not be optimal. (flushed=0 and evicted=0, during the time.)
2020-12-30T09:22:21.212873Z 0 [Note] InnoDB: page_cleaner: 1000ms intended loop took 17811ms. The settings might not be optimal. (flushed=0 and evicted=0, during the time.)
2020-12-30T09:58:07.731034Z 0 [Note] InnoDB: page_cleaner: 1000ms intended loop took 17983ms. The settings might not be optimal. (flushed=0 and evicted=0, during the time.)
2020-12-30T10:09:33.058900Z 0 [Note] InnoDB: page_cleaner: 1000ms intended loop took 17342ms. The settings might not be optimal. (flushed=0 and evicted=0, during the time.)
2020-12-30T10:45:21.563983Z 0 [Note] InnoDB: page_cleaner: 1000ms intended loop took 17437ms. The settings might not be optimal. (flushed=0 and evicted=0, during the time.)
2020-12-30T10:46:38.002972Z 0 [Note] InnoDB: page_cleaner: 1000ms intended loop took 17825ms. The settings might not be optimal. (flushed=0 and evicted=0, during the time.)
2020-12-30T11:41:40.401090Z 0 [Note] InnoDB: page_cleaner: 1000ms intended loop took 18046ms. The settings might not be optimal. (flushed=0 and evicted=0, during the time.)
2020-12-30T12:35:51.038034Z 0 [Note] InnoDB: page_cleaner: 1000ms intended loop took 17582ms. The settings might not be optimal. (flushed=0 and evicted=0, during the time.)
2020-12-30T12:37:19.384261Z 0 [Note] InnoDB: page_cleaner: 1000ms intended loop took 17983ms. The settings might not be optimal. (flushed=0 and evicted=0, during the time.)
2020-12-30T13:26:24.526687Z 0 [Note] InnoDB: page_cleaner: 1000ms intended loop took 17417ms. The settings might not be optimal. (flushed=0 and evicted=0, during the time.)
2020-12-31T02:42:16.150550Z 0 [Warning] TIMESTAMP with implicit DEFAULT value is deprecated. Please use --explicit_defaults_for_timestamp server option (see documentation for more details).
2020-12-31T02:42:16.184653Z 0 [Note] mysqld (mysqld 5.7.32) starting as process 1 ...
2020-12-31T02:42:16.213962Z 0 [Warning] Setting lower_case_table_names=2 because file system for /var/lib/mysql/ is case insensitive
2020-12-31T02:42:16.232059Z 0 [Note] InnoDB: PUNCH HOLE support available
2020-12-31T02:42:16.237620Z 0 [Note] InnoDB: Mutexes and rw_locks use GCC atomic builtins
2020-12-31T02:42:16.242331Z 0 [Note] InnoDB: Uses event mutexes
2020-12-31T02:42:16.247331Z 0 [Note] InnoDB: GCC builtin __atomic_thread_fence() is used for memory barrier
2020-12-31T02:42:16.251472Z 0 [Note] InnoDB: Compressed tables use zlib 1.2.11
2020-12-31T02:42:16.256400Z 0 [Note] InnoDB: Using Linux native AIO
2020-12-31T02:42:16.261132Z 0 [Note] InnoDB: Number of pools: 1
2020-12-31T02:42:16.267305Z 0 [Note] InnoDB: Using CPU crc32 instructions
2020-12-31T02:42:16.270968Z 0 [Note] InnoDB: Initializing buffer pool, total size = 128M, instances = 1, chunk size = 128M
2020-12-31T02:42:16.309362Z 0 [Note] InnoDB: Completed initialization of buffer pool
2020-12-31T02:42:16.319853Z 0 [Note] InnoDB: If the mysqld execution user is authorized, page cleaner thread priority can be changed. See the man page of setpriority().
2020-12-31T02:42:16.493346Z 0 [Note] InnoDB: Highest supported file format is Barracuda.
2020-12-31T02:42:16.519727Z 0 [Note] InnoDB: Log scan progressed past the checkpoint lsn 12618255
2020-12-31T02:42:16.520705Z 0 [Note] InnoDB: Doing recovery: scanned up to log sequence number 12618264
2020-12-31T02:42:16.525165Z 0 [Note] InnoDB: Database was not shutdown normally!
2020-12-31T02:42:16.526327Z 0 [Note] InnoDB: Starting crash recovery.
2020-12-31T02:42:17.030506Z 0 [Note] InnoDB: Removed temporary tablespace data file: "ibtmp1"
2020-12-31T02:42:17.031509Z 0 [Note] InnoDB: Creating shared tablespace for temporary tables
2020-12-31T02:42:17.037720Z 0 [Note] InnoDB: Setting file './ibtmp1' size to 12 MB. Physically writing the file full; Please wait ...
2020-12-31T02:42:17.500468Z 0 [Note] InnoDB: File './ibtmp1' size is now 12 MB.
2020-12-31T02:42:17.512348Z 0 [Note] InnoDB: 96 redo rollback segment(s) found. 96 redo rollback segment(s) are active.
2020-12-31T02:42:17.516472Z 0 [Note] InnoDB: 32 non-redo rollback segment(s) are active.
2020-12-31T02:42:17.518946Z 0 [Note] InnoDB: Waiting for purge to start
2020-12-31T02:42:17.571244Z 0 [Note] InnoDB: 5.7.32 started; log sequence number 12618264
2020-12-31T02:42:17.573613Z 0 [Note] InnoDB: Loading buffer pool(s) from /var/lib/mysql/ib_buffer_pool
2020-12-31T02:42:17.576252Z 0 [Note] Plugin 'FEDERATED' is disabled.
2020-12-31T02:42:17.697423Z 0 [Note] Found ca.pem, server-cert.pem and server-key.pem in data directory. Trying to enable SSL support using them.
2020-12-31T02:42:17.699696Z 0 [Note] Skipping generation of SSL certificates as certificate files are present in data directory.
2020-12-31T02:42:17.734823Z 0 [Warning] CA certificate ca.pem is self signed.
2020-12-31T02:42:17.737534Z 0 [Note] Skipping generation of RSA key pair as key files are present in data directory.
2020-12-31T02:42:17.739016Z 0 [Note] InnoDB: Buffer pool(s) load completed at 201231 11:42:17
2020-12-31T02:42:17.752679Z 0 [Note] Server hostname (bind-address): '*'; port: 3306
2020-12-31T02:42:17.754779Z 0 [Note] IPv6 is available.
2020-12-31T02:42:17.756534Z 0 [Note]   - '::' resolves to '::';
2020-12-31T02:42:17.757633Z 0 [Note] Server socket created on IP: '::'.
2020-12-31T02:42:17.762387Z 0 [Warning] Insecure configuration for --pid-file: Location '/var/run/mysqld' in the path is accessible to all OS users. Consider choosing a different directory.
2020-12-31T02:42:18.331108Z 0 [Note] Event Scheduler: Loaded 0 events
2020-12-31T02:42:18.332510Z 0 [Note] mysqld: ready for connections.
Version: '5.7.32'  socket: '/var/run/mysqld/mysqld.sock'  port: 3306  MySQL Community Server (GPL)
2020-12-31T04:55:19.621514Z 0 [Note] InnoDB: page_cleaner: 1000ms intended loop took 17455ms. The settings might not be optimal. (flushed=0 and evicted=0, during the time.)
2020-12-31T04:56:28.811218Z 0 [Note] InnoDB: page_cleaner: 1000ms intended loop took 17519ms. The settings might not be optimal. (flushed=0 and evicted=0, during the time.)
2020-12-31T04:57:43.492334Z 0 [Note] InnoDB: page_cleaner: 1000ms intended loop took 17758ms. The settings might not be optimal. (flushed=0 and evicted=0, during the time.)
2020-12-31T05:30:49.361753Z 0 [Note] InnoDB: page_cleaner: 1000ms intended loop took 17698ms. The settings might not be optimal. (flushed=0 and evicted=0, during the time.)
2020-12-31T06:21:27.348824Z 0 [Note] InnoDB: page_cleaner: 1000ms intended loop took 17669ms. The settings might not be optimal. (flushed=0 and evicted=0, during the time.)
2020-12-31T06:22:42.024486Z 0 [Note] InnoDB: page_cleaner: 1000ms intended loop took 17754ms. The settings might not be optimal. (flushed=0 and evicted=0, during the time.)
2020-12-31T09:20:18.375701Z 0 [Note] InnoDB: page_cleaner: 1000ms intended loop took 17755ms. The settings might not be optimal. (flushed=0 and evicted=0, during the time.)
2020-12-31T09:23:31.878461Z 0 [Note] InnoDB: page_cleaner: 1000ms intended loop took 18330ms. The settings might not be optimal. (flushed=0 and evicted=0, during the time.)
2020-12-31T09:24:45.719571Z 0 [Note] InnoDB: page_cleaner: 1000ms intended loop took 17648ms. The settings might not be optimal. (flushed=0 and evicted=0, during the time.)
2020-12-31T10:00:26.258685Z 0 [Note] InnoDB: page_cleaner: 1000ms intended loop took 18234ms. The settings might not be optimal. (flushed=0 and evicted=0, during the time.)
2020-12-31T10:32:31.471994Z 0 [Note] InnoDB: page_cleaner: 1000ms intended loop took 17796ms. The settings might not be optimal. (flushed=0 and evicted=0, during the time.)
2020-12-31T10:33:46.138080Z 0 [Note] InnoDB: page_cleaner: 1000ms intended loop took 17674ms. The settings might not be optimal. (flushed=0 and evicted=0, during the time.)
2020-12-31T14:29:18.385805Z 0 [Note] InnoDB: page_cleaner: 1000ms intended loop took 18215ms. The settings might not be optimal. (flushed=0 and evicted=0, during the time.)
2020-12-31T14:30:33.107321Z 0 [Note] InnoDB: page_cleaner: 1000ms intended loop took 17800ms. The settings might not be optimal. (flushed=0 and evicted=0, during the time.)
2021-01-01T00:00:26.315840Z 0 [Note] InnoDB: page_cleaner: 1000ms intended loop took 18058ms. The settings might not be optimal. (flushed=0 and evicted=0, during the time.)
2021-01-01T00:01:40.876928Z 0 [Note] InnoDB: page_cleaner: 1000ms intended loop took 17604ms. The settings might not be optimal. (flushed=0 and evicted=0, during the time.)
2021-01-01T02:03:22.942749Z 0 [Note] InnoDB: page_cleaner: 1000ms intended loop took 17439ms. The settings might not be optimal. (flushed=0 and evicted=0, during the time.)
2021-01-01T02:06:26.525350Z 0 [Note] InnoDB: page_cleaner: 1000ms intended loop took 17692ms. The settings might not be optimal. (flushed=0 and evicted=0, during the time.)
2021-01-01T04:49:37.025712Z 0 [Note] InnoDB: page_cleaner: 1000ms intended loop took 17907ms. The settings might not be optimal. (flushed=0 and evicted=0, during the time.)
2021-01-01T04:50:14.013976Z 0 [Note] InnoDB: page_cleaner: 1000ms intended loop took 17467ms. The settings might not be optimal. (flushed=0 and evicted=0, during the time.)
2021-01-01T11:31:27.072627Z 0 [Note] InnoDB: page_cleaner: 1000ms intended loop took 18175ms. The settings might not be optimal. (flushed=0 and evicted=0, during the time.)
2021-01-01T13:29:57.398936Z 0 [Note] InnoDB: page_cleaner: 1000ms intended loop took 18362ms. The settings might not be optimal. (flushed=0 and evicted=0, during the time.)
2021-01-01T15:30:44.430495Z 0 [Note] InnoDB: page_cleaner: 1000ms intended loop took 51890ms. The settings might not be optimal. (flushed=0 and evicted=0, during the time.)
2021-01-01T15:39:22.396201Z 0 [Note] InnoDB: page_cleaner: 1000ms intended loop took 17570ms. The settings might not be optimal. (flushed=0 and evicted=0, during the time.)
2021-01-01T15:39:57.975830Z 0 [Note] InnoDB: page_cleaner: 1000ms intended loop took 17819ms. The settings might not be optimal. (flushed=0 and evicted=0, during the time.)
2021-01-02T02:51:54.056452Z 0 [Note] InnoDB: page_cleaner: 1000ms intended loop took 18269ms. The settings might not be optimal. (flushed=0 and evicted=0, during the time.)
2021-01-02T05:32:39.890055Z 0 [Note] InnoDB: page_cleaner: 1000ms intended loop took 18315ms. The settings might not be optimal. (flushed=0 and evicted=0, during the time.)
2021-01-02T05:40:30.901373Z 0 [Note] InnoDB: page_cleaner: 1000ms intended loop took 18084ms. The settings might not be optimal. (flushed=0 and evicted=0, during the time.)
2021-01-02T05:53:03.033741Z 0 [Note] InnoDB: page_cleaner: 1000ms intended loop took 18196ms. The settings might not be optimal. (flushed=0 and evicted=0, during the time.)
2021-01-02T05:54:17.912222Z 0 [Note] InnoDB: page_cleaner: 1000ms intended loop took 17917ms. The settings might not be optimal. (flushed=0 and evicted=0, during the time.)
2021-01-02T06:37:40.477248Z 0 [Note] InnoDB: page_cleaner: 1000ms intended loop took 17901ms. The settings might not be optimal. (flushed=0 and evicted=0, during the time.)
2021-01-02T07:14:51.895749Z 0 [Note] InnoDB: page_cleaner: 1000ms intended loop took 17924ms. The settings might not be optimal. (flushed=0 and evicted=0, during the time.)
2021-01-02T07:16:06.658641Z 0 [Note] InnoDB: page_cleaner: 1000ms intended loop took 17743ms. The settings might not be optimal. (flushed=0 and evicted=0, during the time.)
2021-01-02T07:54:13.928626Z 0 [Note] InnoDB: page_cleaner: 1000ms intended loop took 17961ms. The settings might not be optimal. (flushed=0 and evicted=0, during the time.)
2021-01-02T10:42:25.847131Z 0 [Note] InnoDB: page_cleaner: 1000ms intended loop took 17722ms. The settings might not be optimal. (flushed=0 and evicted=0, during the time.)
2021-01-03T05:38:36.348454Z 0 [Note] InnoDB: page_cleaner: 1000ms intended loop took 17686ms. The settings might not be optimal. (flushed=0 and evicted=0, during the time.)
2021-01-03T05:39:51.206595Z 0 [Note] InnoDB: page_cleaner: 1000ms intended loop took 17971ms. The settings might not be optimal. (flushed=0 and evicted=0, during the time.)
2021-01-03T06:21:24.814935Z 0 [Note] InnoDB: page_cleaner: 1000ms intended loop took 18091ms. The settings might not be optimal. (flushed=0 and evicted=0, during the time.)
2021-01-03T06:22:39.728401Z 0 [Note] InnoDB: page_cleaner: 1000ms intended loop took 17901ms. The settings might not be optimal. (flushed=0 and evicted=0, during the time.)
2021-01-03T07:01:33.454904Z 0 [Note] InnoDB: page_cleaner: 1000ms intended loop took 17946ms. The settings might not be optimal. (flushed=0 and evicted=0, during the time.)
2021-01-03T07:50:17.133862Z 0 [Note] InnoDB: page_cleaner: 1000ms intended loop took 18154ms. The settings might not be optimal. (flushed=0 and evicted=0, during the time.)
2021-01-03T07:51:32.056465Z 0 [Note] InnoDB: page_cleaner: 1000ms intended loop took 17932ms. The settings might not be optimal. (flushed=0 and evicted=0, during the time.)
2021-01-03T08:30:16.519291Z 0 [Note] InnoDB: page_cleaner: 1000ms intended loop took 18062ms. The settings might not be optimal. (flushed=0 and evicted=0, during the time.)
2021-01-03T12:00:51.703496Z 0 [Note] InnoDB: page_cleaner: 1000ms intended loop took 17412ms. The settings might not be optimal. (flushed=0 and evicted=0, during the time.)
2021-01-03T12:01:29.031031Z 0 [Note] InnoDB: page_cleaner: 1000ms intended loop took 17555ms. The settings might not be optimal. (flushed=0 and evicted=0, during the time.)
2021-01-03T15:16:22.652368Z 0 [Note] InnoDB: page_cleaner: 1000ms intended loop took 56652ms. The settings might not be optimal. (flushed=0 and evicted=0, during the time.)
2021-01-03T15:17:06.506516Z 0 [Note] InnoDB: page_cleaner: 1000ms intended loop took 31597ms. The settings might not be optimal. (flushed=0 and evicted=0, during the time.)
2021-01-03T21:45:29.218964Z 0 [Note] InnoDB: page_cleaner: 1000ms intended loop took 17573ms. The settings might not be optimal. (flushed=0 and evicted=0, during the time.)
2021-01-04T00:01:58.322754Z 0 [Note] InnoDB: page_cleaner: 1000ms intended loop took 17635ms. The settings might not be optimal. (flushed=0 and evicted=0, during the time.)
2021-01-04T05:47:41.869703Z 0 [Note] InnoDB: page_cleaner: 1000ms intended loop took 17592ms. The settings might not be optimal. (flushed=0 and evicted=0, during the time.)
2021-01-04T06:00:10.599064Z 0 [Note] InnoDB: page_cleaner: 1000ms intended loop took 18052ms. The settings might not be optimal. (flushed=0 and evicted=0, during the time.)
2021-01-04T07:13:09.607933Z 0 [Note] InnoDB: page_cleaner: 1000ms intended loop took 17845ms. The settings might not be optimal. (flushed=0 and evicted=0, during the time.)
2021-01-04T07:13:45.314840Z 0 [Note] InnoDB: page_cleaner: 1000ms intended loop took 18305ms. The settings might not be optimal. (flushed=0 and evicted=0, during the time.)
2021-01-04T07:55:29.037642Z 0 [Note] InnoDB: page_cleaner: 1000ms intended loop took 18007ms. The settings might not be optimal. (flushed=0 and evicted=0, during the time.)
2021-01-04T07:56:39.206226Z 0 [Note] InnoDB: page_cleaner: 1000ms intended loop took 18057ms. The settings might not be optimal. (flushed=0 and evicted=0, during the time.)
2021-01-04T09:16:55.297150Z 0 [Note] InnoDB: page_cleaner: 1000ms intended loop took 18355ms. The settings might not be optimal. (flushed=0 and evicted=0, during the time.)
2021-01-04T09:18:05.465031Z 0 [Note] InnoDB: page_cleaner: 1000ms intended loop took 17920ms. The settings might not be optimal. (flushed=0 and evicted=0, during the time.)
2021-01-04T10:01:09.261780Z 0 [Note] InnoDB: page_cleaner: 1000ms intended loop took 18311ms. The settings might not be optimal. (flushed=0 and evicted=0, during the time.)
2021-01-04T11:16:37.674518Z 0 [Note] InnoDB: page_cleaner: 1000ms intended loop took 17510ms. The settings might not be optimal. (flushed=0 and evicted=0, during the time.)
2021-01-04T11:17:47.838268Z 0 [Note] InnoDB: page_cleaner: 1000ms intended loop took 18060ms. The settings might not be optimal. (flushed=0 and evicted=0, during the time.)
2021-01-04T12:00:37.827551Z 0 [Note] InnoDB: page_cleaner: 1000ms intended loop took 18186ms. The settings might not be optimal. (flushed=0 and evicted=0, during the time.)
2021-01-04T13:01:09.976266Z 0 [Note] InnoDB: page_cleaner: 1000ms intended loop took 17908ms. The settings might not be optimal. (flushed=0 and evicted=0, during the time.)
2021-01-04T17:22:51.596574Z 0 [Note] InnoDB: page_cleaner: 1000ms intended loop took 17594ms. The settings might not be optimal. (flushed=0 and evicted=0, during the time.)
2021-01-04T17:24:06.462586Z 0 [Note] InnoDB: page_cleaner: 1000ms intended loop took 17946ms. The settings might not be optimal. (flushed=0 and evicted=0, during the time.)
2021-01-04T17:26:12.800827Z 0 [Note] InnoDB: page_cleaner: 1000ms intended loop took 18012ms. The settings might not be optimal. (flushed=0 and evicted=0, during the time.)
2021-01-04T18:07:50.720137Z 0 [Note] InnoDB: page_cleaner: 1000ms intended loop took 18245ms. The settings might not be optimal. (flushed=0 and evicted=0, during the time.)
2021-01-04T23:45:25.403644Z 0 [Note] InnoDB: page_cleaner: 1000ms intended loop took 17915ms. The settings might not be optimal. (flushed=0 and evicted=0, during the time.)
2021-01-04T23:46:40.172285Z 0 [Note] InnoDB: page_cleaner: 1000ms intended loop took 17916ms. The settings might not be optimal. (flushed=0 and evicted=0, during the time.)
2021-01-05T03:31:04.215276Z 0 [Note] InnoDB: page_cleaner: 1000ms intended loop took 17788ms. The settings might not be optimal. (flushed=0 and evicted=0, during the time.)
2021-01-05T03:32:15.359663Z 0 [Note] InnoDB: page_cleaner: 1000ms intended loop took 18015ms. The settings might not be optimal. (flushed=0 and evicted=0, during the time.)
